{"F:\\Ramesh\\accio-projects\\git-chef-customer\\chef-customer-server\\contollers\\Dish-Controller.js": {"path":"F:\\Ramesh\\accio-projects\\git-chef-customer\\chef-customer-server\\contollers\\Dish-Controller.js","statementMap":{"0":{"start":{"line":1,"column":16},"end":{"line":1,"column":34}},"1":{"start":{"line":2,"column":23},"end":{"line":2,"column":55}},"2":{"start":{"line":5,"column":22},"end":{"line":33,"column":1}},"3":{"start":{"line":6,"column":4},"end":{"line":32,"column":5}},"4":{"start":{"line":7,"column":21},"end":{"line":24,"column":10}},"5":{"start":{"line":26,"column":22},"end":{"line":26,"column":39}},"6":{"start":{"line":28,"column":8},"end":{"line":28,"column":75}},"7":{"start":{"line":31,"column":8},"end":{"line":31,"column":77}},"8":{"start":{"line":36,"column":23},"end":{"line":48,"column":1}},"9":{"start":{"line":37,"column":4},"end":{"line":47,"column":5}},"10":{"start":{"line":38,"column":23},"end":{"line":38,"column":31}},"11":{"start":{"line":40,"column":22},"end":{"line":40,"column":57}},"12":{"start":{"line":42,"column":8},"end":{"line":42,"column":75}},"13":{"start":{"line":46,"column":8},"end":{"line":46,"column":77}},"14":{"start":{"line":52,"column":19},"end":{"line":59,"column":1}},"15":{"start":{"line":53,"column":4},"end":{"line":58,"column":5}},"16":{"start":{"line":54,"column":21},"end":{"line":54,"column":78}},"17":{"start":{"line":55,"column":8},"end":{"line":55,"column":71}},"18":{"start":{"line":57,"column":8},"end":{"line":57,"column":77}},"19":{"start":{"line":62,"column":22},"end":{"line":72,"column":1}},"20":{"start":{"line":63,"column":4},"end":{"line":71,"column":5}},"21":{"start":{"line":64,"column":21},"end":{"line":64,"column":44}},"22":{"start":{"line":65,"column":22},"end":{"line":67,"column":10}},"23":{"start":{"line":68,"column":8},"end":{"line":68,"column":72}},"24":{"start":{"line":70,"column":8},"end":{"line":70,"column":77}},"25":{"start":{"line":75,"column":27},"end":{"line":82,"column":1}},"26":{"start":{"line":76,"column":4},"end":{"line":81,"column":5}},"27":{"start":{"line":77,"column":21},"end":{"line":77,"column":101}},"28":{"start":{"line":78,"column":8},"end":{"line":78,"column":65}},"29":{"start":{"line":80,"column":8},"end":{"line":80,"column":77}},"30":{"start":{"line":85,"column":22},"end":{"line":92,"column":1}},"31":{"start":{"line":86,"column":4},"end":{"line":91,"column":5}},"32":{"start":{"line":87,"column":28},"end":{"line":87,"column":149}},"33":{"start":{"line":88,"column":8},"end":{"line":88,"column":72}},"34":{"start":{"line":90,"column":8},"end":{"line":90,"column":77}},"35":{"start":{"line":95,"column":23},"end":{"line":102,"column":1}},"36":{"start":{"line":96,"column":4},"end":{"line":101,"column":5}},"37":{"start":{"line":97,"column":30},"end":{"line":97,"column":157}},"38":{"start":{"line":98,"column":8},"end":{"line":98,"column":74}},"39":{"start":{"line":100,"column":8},"end":{"line":100,"column":77}},"40":{"start":{"line":105,"column":22},"end":{"line":112,"column":1}},"41":{"start":{"line":106,"column":4},"end":{"line":111,"column":5}},"42":{"start":{"line":107,"column":29},"end":{"line":107,"column":79}},"43":{"start":{"line":108,"column":8},"end":{"line":108,"column":73}},"44":{"start":{"line":110,"column":8},"end":{"line":110,"column":77}},"45":{"start":{"line":115,"column":25},"end":{"line":122,"column":1}},"46":{"start":{"line":116,"column":4},"end":{"line":121,"column":5}},"47":{"start":{"line":117,"column":30},"end":{"line":117,"column":92}},"48":{"start":{"line":118,"column":8},"end":{"line":118,"column":74}},"49":{"start":{"line":120,"column":8},"end":{"line":120,"column":77}},"50":{"start":{"line":146,"column":22},"end":{"line":155,"column":1}},"51":{"start":{"line":147,"column":4},"end":{"line":154,"column":5}},"52":{"start":{"line":148,"column":25},"end":{"line":150,"column":10}},"53":{"start":{"line":151,"column":8},"end":{"line":151,"column":69}},"54":{"start":{"line":153,"column":8},"end":{"line":153,"column":77}},"55":{"start":{"line":160,"column":24},"end":{"line":171,"column":1}},"56":{"start":{"line":161,"column":4},"end":{"line":170,"column":5}},"57":{"start":{"line":164,"column":28},"end":{"line":166,"column":10}},"58":{"start":{"line":167,"column":8},"end":{"line":167,"column":72}},"59":{"start":{"line":169,"column":8},"end":{"line":169,"column":77}},"60":{"start":{"line":173,"column":31},"end":{"line":182,"column":1}},"61":{"start":{"line":174,"column":4},"end":{"line":181,"column":5}},"62":{"start":{"line":175,"column":36},"end":{"line":177,"column":10}},"63":{"start":{"line":178,"column":8},"end":{"line":178,"column":80}},"64":{"start":{"line":180,"column":8},"end":{"line":180,"column":77}},"65":{"start":{"line":207,"column":0},"end":{"line":207,"column":218}}},"fnMap":{"0":{"name":"(anonymous_0)","decl":{"start":{"line":5,"column":22},"end":{"line":5,"column":23}},"loc":{"start":{"line":5,"column":42},"end":{"line":33,"column":1}},"line":5},"1":{"name":"(anonymous_1)","decl":{"start":{"line":36,"column":23},"end":{"line":36,"column":24}},"loc":{"start":{"line":36,"column":43},"end":{"line":48,"column":1}},"line":36},"2":{"name":"(anonymous_2)","decl":{"start":{"line":52,"column":19},"end":{"line":52,"column":20}},"loc":{"start":{"line":52,"column":39},"end":{"line":59,"column":1}},"line":52},"3":{"name":"(anonymous_3)","decl":{"start":{"line":62,"column":22},"end":{"line":62,"column":23}},"loc":{"start":{"line":62,"column":42},"end":{"line":72,"column":1}},"line":62},"4":{"name":"(anonymous_4)","decl":{"start":{"line":75,"column":27},"end":{"line":75,"column":28}},"loc":{"start":{"line":75,"column":47},"end":{"line":82,"column":1}},"line":75},"5":{"name":"(anonymous_5)","decl":{"start":{"line":85,"column":22},"end":{"line":85,"column":23}},"loc":{"start":{"line":85,"column":42},"end":{"line":92,"column":1}},"line":85},"6":{"name":"(anonymous_6)","decl":{"start":{"line":95,"column":23},"end":{"line":95,"column":24}},"loc":{"start":{"line":95,"column":43},"end":{"line":102,"column":1}},"line":95},"7":{"name":"(anonymous_7)","decl":{"start":{"line":105,"column":22},"end":{"line":105,"column":23}},"loc":{"start":{"line":105,"column":42},"end":{"line":112,"column":1}},"line":105},"8":{"name":"(anonymous_8)","decl":{"start":{"line":115,"column":25},"end":{"line":115,"column":26}},"loc":{"start":{"line":115,"column":45},"end":{"line":122,"column":1}},"line":115},"9":{"name":"(anonymous_9)","decl":{"start":{"line":146,"column":22},"end":{"line":146,"column":23}},"loc":{"start":{"line":146,"column":42},"end":{"line":155,"column":1}},"line":146},"10":{"name":"(anonymous_10)","decl":{"start":{"line":160,"column":24},"end":{"line":160,"column":25}},"loc":{"start":{"line":160,"column":44},"end":{"line":171,"column":1}},"line":160},"11":{"name":"(anonymous_11)","decl":{"start":{"line":173,"column":31},"end":{"line":173,"column":32}},"loc":{"start":{"line":173,"column":51},"end":{"line":182,"column":1}},"line":173}},"branchMap":{},"s":{"0":0,"1":0,"2":0,"3":0,"4":0,"5":0,"6":0,"7":0,"8":0,"9":0,"10":0,"11":0,"12":0,"13":0,"14":0,"15":0,"16":0,"17":0,"18":0,"19":0,"20":0,"21":0,"22":0,"23":0,"24":0,"25":0,"26":0,"27":0,"28":0,"29":0,"30":0,"31":0,"32":0,"33":0,"34":0,"35":0,"36":0,"37":0,"38":0,"39":0,"40":0,"41":0,"42":0,"43":0,"44":0,"45":0,"46":0,"47":0,"48":0,"49":0,"50":0,"51":0,"52":0,"53":0,"54":0,"55":0,"56":0,"57":0,"58":0,"59":0,"60":0,"61":0,"62":0,"63":0,"64":0,"65":0},"f":{"0":0,"1":0,"2":0,"3":0,"4":0,"5":0,"6":0,"7":0,"8":0,"9":0,"10":0,"11":0},"b":{}}
,"F:\\Ramesh\\accio-projects\\git-chef-customer\\chef-customer-server\\contollers\\OrdersController.js": {"path":"F:\\Ramesh\\accio-projects\\git-chef-customer\\chef-customer-server\\contollers\\OrdersController.js","statementMap":{"0":{"start":{"line":1,"column":15},"end":{"line":1,"column":47}},"1":{"start":{"line":3,"column":19},"end":{"line":27,"column":1}},"2":{"start":{"line":4,"column":4},"end":{"line":26,"column":5}},"3":{"start":{"line":6,"column":25},"end":{"line":18,"column":9}},"4":{"start":{"line":20,"column":23},"end":{"line":20,"column":44}},"5":{"start":{"line":22,"column":8},"end":{"line":22,"column":70}},"6":{"start":{"line":24,"column":8},"end":{"line":24,"column":49}},"7":{"start":{"line":25,"column":8},"end":{"line":25,"column":89}},"8":{"start":{"line":30,"column":21},"end":{"line":54,"column":1}},"9":{"start":{"line":31,"column":4},"end":{"line":31,"column":30}},"10":{"start":{"line":32,"column":4},"end":{"line":53,"column":5}},"11":{"start":{"line":33,"column":30},"end":{"line":39,"column":10}},"12":{"start":{"line":40,"column":26},"end":{"line":48,"column":10}},"13":{"start":{"line":50,"column":8},"end":{"line":50,"column":85}},"14":{"start":{"line":52,"column":8},"end":{"line":52,"column":70}},"15":{"start":{"line":121,"column":25},"end":{"line":274,"column":1}},"16":{"start":{"line":122,"column":4},"end":{"line":273,"column":5}},"17":{"start":{"line":124,"column":21},"end":{"line":124,"column":56}},"18":{"start":{"line":125,"column":22},"end":{"line":125,"column":59}},"19":{"start":{"line":127,"column":21},"end":{"line":127,"column":39}},"20":{"start":{"line":129,"column":25},"end":{"line":250,"column":9}},"21":{"start":{"line":252,"column":23},"end":{"line":252,"column":55}},"22":{"start":{"line":254,"column":23},"end":{"line":254,"column":37}},"23":{"start":{"line":255,"column":22},"end":{"line":255,"column":57}},"24":{"start":{"line":257,"column":8},"end":{"line":266,"column":11}},"25":{"start":{"line":269,"column":8},"end":{"line":272,"column":11}},"26":{"start":{"line":277,"column":30},"end":{"line":300,"column":1}},"27":{"start":{"line":278,"column":4},"end":{"line":299,"column":5}},"28":{"start":{"line":279,"column":36},"end":{"line":279,"column":46}},"29":{"start":{"line":280,"column":23},"end":{"line":280,"column":38}},"30":{"start":{"line":281,"column":29},"end":{"line":287,"column":9}},"31":{"start":{"line":288,"column":8},"end":{"line":290,"column":9}},"32":{"start":{"line":289,"column":12},"end":{"line":289,"column":80}},"33":{"start":{"line":292,"column":8},"end":{"line":295,"column":11}},"34":{"start":{"line":297,"column":8},"end":{"line":297,"column":22}},"35":{"start":{"line":298,"column":8},"end":{"line":298,"column":78}},"36":{"start":{"line":303,"column":0},"end":{"line":303,"column":87}}},"fnMap":{"0":{"name":"(anonymous_0)","decl":{"start":{"line":3,"column":19},"end":{"line":3,"column":20}},"loc":{"start":{"line":3,"column":39},"end":{"line":27,"column":1}},"line":3},"1":{"name":"(anonymous_1)","decl":{"start":{"line":30,"column":21},"end":{"line":30,"column":22}},"loc":{"start":{"line":30,"column":41},"end":{"line":54,"column":1}},"line":30},"2":{"name":"(anonymous_2)","decl":{"start":{"line":121,"column":25},"end":{"line":121,"column":26}},"loc":{"start":{"line":121,"column":45},"end":{"line":274,"column":1}},"line":121},"3":{"name":"(anonymous_3)","decl":{"start":{"line":277,"column":30},"end":{"line":277,"column":31}},"loc":{"start":{"line":277,"column":50},"end":{"line":300,"column":1}},"line":277}},"branchMap":{"0":{"loc":{"start":{"line":124,"column":21},"end":{"line":124,"column":56}},"type":"binary-expr","locations":[{"start":{"line":124,"column":21},"end":{"line":124,"column":51}},{"start":{"line":124,"column":55},"end":{"line":124,"column":56}}],"line":124},"1":{"loc":{"start":{"line":125,"column":22},"end":{"line":125,"column":59}},"type":"binary-expr","locations":[{"start":{"line":125,"column":22},"end":{"line":125,"column":53}},{"start":{"line":125,"column":57},"end":{"line":125,"column":59}}],"line":125},"2":{"loc":{"start":{"line":255,"column":22},"end":{"line":255,"column":57}},"type":"binary-expr","locations":[{"start":{"line":255,"column":22},"end":{"line":255,"column":52}},{"start":{"line":255,"column":56},"end":{"line":255,"column":57}}],"line":255},"3":{"loc":{"start":{"line":288,"column":8},"end":{"line":290,"column":9}},"type":"if","locations":[{"start":{"line":288,"column":8},"end":{"line":290,"column":9}},{"start":{},"end":{}}],"line":288}},"s":{"0":1,"1":1,"2":4,"3":4,"4":4,"5":4,"6":0,"7":0,"8":1,"9":4,"10":4,"11":4,"12":3,"13":3,"14":1,"15":1,"16":0,"17":0,"18":0,"19":0,"20":0,"21":0,"22":0,"23":0,"24":0,"25":0,"26":1,"27":0,"28":0,"29":0,"30":0,"31":0,"32":0,"33":0,"34":0,"35":0,"36":1},"f":{"0":4,"1":4,"2":0,"3":0},"b":{"0":[0,0],"1":[0,0],"2":[0,0],"3":[0,0]},"_coverageSchema":"1a1c01bbd47fc00a2c39e90264f33305004495a9","hash":"e00229f72ba6d161d4ca5e446e77e7eb7d2aa6ba"}
,"F:\\Ramesh\\accio-projects\\git-chef-customer\\chef-customer-server\\contollers\\customerController.js": {"path":"F:\\Ramesh\\accio-projects\\git-chef-customer\\chef-customer-server\\contollers\\customerController.js","statementMap":{"0":{"start":{"line":1,"column":17},"end":{"line":1,"column":35}},"1":{"start":{"line":2,"column":13},"end":{"line":2,"column":44}},"2":{"start":{"line":5,"column":36},"end":{"line":24,"column":1}},"3":{"start":{"line":6,"column":4},"end":{"line":23,"column":5}},"4":{"start":{"line":7,"column":25},"end":{"line":19,"column":10}},"5":{"start":{"line":20,"column":8},"end":{"line":20,"column":74}},"6":{"start":{"line":22,"column":8},"end":{"line":22,"column":76}},"7":{"start":{"line":26,"column":20},"end":{"line":59,"column":1}},"8":{"start":{"line":27,"column":4},"end":{"line":58,"column":5}},"9":{"start":{"line":28,"column":25},"end":{"line":53,"column":10}},"10":{"start":{"line":54,"column":8},"end":{"line":54,"column":74}},"11":{"start":{"line":56,"column":8},"end":{"line":56,"column":31}},"12":{"start":{"line":57,"column":8},"end":{"line":57,"column":77}},"13":{"start":{"line":61,"column":28},"end":{"line":78,"column":1}},"14":{"start":{"line":62,"column":4},"end":{"line":77,"column":5}},"15":{"start":{"line":63,"column":24},"end":{"line":70,"column":10}},"16":{"start":{"line":73,"column":23},"end":{"line":73,"column":64}},"17":{"start":{"line":73,"column":41},"end":{"line":73,"column":62}},"18":{"start":{"line":74,"column":8},"end":{"line":74,"column":73}},"19":{"start":{"line":76,"column":8},"end":{"line":76,"column":60}},"20":{"start":{"line":81,"column":0},"end":{"line":81,"column":82}}},"fnMap":{"0":{"name":"(anonymous_0)","decl":{"start":{"line":5,"column":36},"end":{"line":5,"column":37}},"loc":{"start":{"line":5,"column":56},"end":{"line":24,"column":1}},"line":5},"1":{"name":"(anonymous_1)","decl":{"start":{"line":26,"column":20},"end":{"line":26,"column":21}},"loc":{"start":{"line":26,"column":40},"end":{"line":59,"column":1}},"line":26},"2":{"name":"(anonymous_2)","decl":{"start":{"line":61,"column":28},"end":{"line":61,"column":29}},"loc":{"start":{"line":61,"column":48},"end":{"line":78,"column":1}},"line":61},"3":{"name":"(anonymous_3)","decl":{"start":{"line":73,"column":35},"end":{"line":73,"column":36}},"loc":{"start":{"line":73,"column":41},"end":{"line":73,"column":62}},"line":73}},"branchMap":{},"s":{"0":1,"1":1,"2":1,"3":1,"4":1,"5":1,"6":0,"7":1,"8":0,"9":0,"10":0,"11":0,"12":0,"13":1,"14":1,"15":1,"16":1,"17":0,"18":1,"19":0,"20":1},"f":{"0":1,"1":0,"2":1,"3":0},"b":{},"_coverageSchema":"1a1c01bbd47fc00a2c39e90264f33305004495a9","hash":"64bd15cfc45b22982c2d23b8641cb8fcf892ff8a"}
,"F:\\Ramesh\\accio-projects\\git-chef-customer\\chef-customer-server\\contollers\\deliveryBoyController.js": {"path":"F:\\Ramesh\\accio-projects\\git-chef-customer\\chef-customer-server\\contollers\\deliveryBoyController.js","statementMap":{"0":{"start":{"line":1,"column":20},"end":{"line":1,"column":52}},"1":{"start":{"line":3,"column":0},"end":{"line":29,"column":2}},"2":{"start":{"line":4,"column":4},"end":{"line":28,"column":5}},"3":{"start":{"line":5,"column":46},"end":{"line":5,"column":54}},"4":{"start":{"line":7,"column":28},"end":{"line":7,"column":64}},"5":{"start":{"line":8,"column":8},"end":{"line":8,"column":101}},"6":{"start":{"line":8,"column":26},"end":{"line":8,"column":101}},"7":{"start":{"line":10,"column":8},"end":{"line":11,"column":92}},"8":{"start":{"line":11,"column":12},"end":{"line":11,"column":92}},"9":{"start":{"line":14,"column":8},"end":{"line":14,"column":38}},"10":{"start":{"line":15,"column":8},"end":{"line":18,"column":10}},"11":{"start":{"line":19,"column":8},"end":{"line":19,"column":33}},"12":{"start":{"line":21,"column":8},"end":{"line":25,"column":11}},"13":{"start":{"line":27,"column":8},"end":{"line":27,"column":71}},"14":{"start":{"line":32,"column":0},"end":{"line":51,"column":2}},"15":{"start":{"line":33,"column":4},"end":{"line":50,"column":5}},"16":{"start":{"line":34,"column":37},"end":{"line":34,"column":45}},"17":{"start":{"line":36,"column":24},"end":{"line":45,"column":9}},"18":{"start":{"line":47,"column":8},"end":{"line":47,"column":78}},"19":{"start":{"line":49,"column":8},"end":{"line":49,"column":71}},"20":{"start":{"line":55,"column":0},"end":{"line":74,"column":2}},"21":{"start":{"line":56,"column":4},"end":{"line":73,"column":5}},"22":{"start":{"line":57,"column":27},"end":{"line":57,"column":35}},"23":{"start":{"line":59,"column":24},"end":{"line":63,"column":9}},"24":{"start":{"line":65,"column":8},"end":{"line":69,"column":11}},"25":{"start":{"line":72,"column":8},"end":{"line":72,"column":71}}},"fnMap":{"0":{"name":"(anonymous_0)","decl":{"start":{"line":3,"column":27},"end":{"line":3,"column":28}},"loc":{"start":{"line":3,"column":47},"end":{"line":29,"column":1}},"line":3},"1":{"name":"(anonymous_1)","decl":{"start":{"line":32,"column":25},"end":{"line":32,"column":26}},"loc":{"start":{"line":32,"column":45},"end":{"line":51,"column":1}},"line":32},"2":{"name":"(anonymous_2)","decl":{"start":{"line":55,"column":28},"end":{"line":55,"column":29}},"loc":{"start":{"line":55,"column":48},"end":{"line":74,"column":1}},"line":55}},"branchMap":{"0":{"loc":{"start":{"line":8,"column":8},"end":{"line":8,"column":101}},"type":"if","locations":[{"start":{"line":8,"column":8},"end":{"line":8,"column":101}},{"start":{},"end":{}}],"line":8},"1":{"loc":{"start":{"line":10,"column":8},"end":{"line":11,"column":92}},"type":"if","locations":[{"start":{"line":10,"column":8},"end":{"line":11,"column":92}},{"start":{},"end":{}}],"line":10}},"s":{"0":0,"1":0,"2":0,"3":0,"4":0,"5":0,"6":0,"7":0,"8":0,"9":0,"10":0,"11":0,"12":0,"13":0,"14":0,"15":0,"16":0,"17":0,"18":0,"19":0,"20":0,"21":0,"22":0,"23":0,"24":0,"25":0},"f":{"0":0,"1":0,"2":0},"b":{"0":[0,0],"1":[0,0]}}
,"F:\\Ramesh\\accio-projects\\git-chef-customer\\chef-customer-server\\contollers\\deliveryController.js": {"path":"F:\\Ramesh\\accio-projects\\git-chef-customer\\chef-customer-server\\contollers\\deliveryController.js","statementMap":{"0":{"start":{"line":1,"column":17},"end":{"line":1,"column":52}},"1":{"start":{"line":2,"column":14},"end":{"line":2,"column":46}},"2":{"start":{"line":3,"column":32},"end":{"line":3,"column":82}},"3":{"start":{"line":6,"column":0},"end":{"line":18,"column":2}},"4":{"start":{"line":7,"column":4},"end":{"line":17,"column":5}},"5":{"start":{"line":8,"column":30},"end":{"line":8,"column":45}},"6":{"start":{"line":11,"column":8},"end":{"line":11,"column":74}},"7":{"start":{"line":13,"column":8},"end":{"line":13,"column":100}},"8":{"start":{"line":15,"column":8},"end":{"line":15,"column":27}},"9":{"start":{"line":16,"column":8},"end":{"line":16,"column":71}},"10":{"start":{"line":23,"column":0},"end":{"line":62,"column":2}},"11":{"start":{"line":24,"column":4},"end":{"line":61,"column":5}},"12":{"start":{"line":25,"column":37},"end":{"line":25,"column":45}},"13":{"start":{"line":27,"column":8},"end":{"line":31,"column":9}},"14":{"start":{"line":28,"column":12},"end":{"line":30,"column":76}},"15":{"start":{"line":34,"column":29},"end":{"line":34,"column":78}},"16":{"start":{"line":36,"column":8},"end":{"line":49,"column":9}},"17":{"start":{"line":38,"column":12},"end":{"line":38,"column":51}},"18":{"start":{"line":39,"column":12},"end":{"line":39,"column":52}},"19":{"start":{"line":40,"column":12},"end":{"line":40,"column":45}},"20":{"start":{"line":41,"column":12},"end":{"line":41,"column":40}},"21":{"start":{"line":44,"column":12},"end":{"line":48,"column":15}},"22":{"start":{"line":51,"column":8},"end":{"line":55,"column":11}},"23":{"start":{"line":57,"column":8},"end":{"line":57,"column":27}},"24":{"start":{"line":58,"column":8},"end":{"line":60,"column":92}},"25":{"start":{"line":68,"column":0},"end":{"line":113,"column":2}},"26":{"start":{"line":69,"column":4},"end":{"line":112,"column":5}},"27":{"start":{"line":70,"column":42},"end":{"line":70,"column":50}},"28":{"start":{"line":73,"column":38},"end":{"line":73,"column":94}},"29":{"start":{"line":75,"column":8},"end":{"line":80,"column":9}},"30":{"start":{"line":76,"column":12},"end":{"line":79,"column":15}},"31":{"start":{"line":83,"column":28},"end":{"line":83,"column":52}},"32":{"start":{"line":86,"column":22},"end":{"line":86,"column":51}},"33":{"start":{"line":87,"column":8},"end":{"line":89,"column":9}},"34":{"start":{"line":88,"column":12},"end":{"line":88,"column":88}},"35":{"start":{"line":92,"column":25},"end":{"line":102,"column":9}},"36":{"start":{"line":104,"column":8},"end":{"line":108,"column":11}},"37":{"start":{"line":110,"column":8},"end":{"line":110,"column":27}},"38":{"start":{"line":111,"column":8},"end":{"line":111,"column":69}},"39":{"start":{"line":119,"column":0},"end":{"line":142,"column":2}},"40":{"start":{"line":120,"column":4},"end":{"line":141,"column":5}},"41":{"start":{"line":121,"column":27},"end":{"line":121,"column":40}},"42":{"start":{"line":124,"column":25},"end":{"line":132,"column":9}},"43":{"start":{"line":134,"column":8},"end":{"line":138,"column":11}},"44":{"start":{"line":140,"column":8},"end":{"line":140,"column":71}},"45":{"start":{"line":147,"column":0},"end":{"line":170,"column":2}},"46":{"start":{"line":148,"column":4},"end":{"line":169,"column":5}},"47":{"start":{"line":149,"column":27},"end":{"line":149,"column":40}},"48":{"start":{"line":150,"column":29},"end":{"line":150,"column":37}},"49":{"start":{"line":152,"column":25},"end":{"line":160,"column":9}},"50":{"start":{"line":162,"column":8},"end":{"line":166,"column":11}},"51":{"start":{"line":168,"column":8},"end":{"line":168,"column":71}},"52":{"start":{"line":175,"column":0},"end":{"line":196,"column":2}},"53":{"start":{"line":176,"column":4},"end":{"line":195,"column":5}},"54":{"start":{"line":177,"column":27},"end":{"line":177,"column":40}},"55":{"start":{"line":178,"column":29},"end":{"line":178,"column":37}},"56":{"start":{"line":180,"column":25},"end":{"line":186,"column":9}},"57":{"start":{"line":188,"column":8},"end":{"line":192,"column":11}},"58":{"start":{"line":194,"column":8},"end":{"line":194,"column":71}},"59":{"start":{"line":201,"column":0},"end":{"line":222,"column":2}},"60":{"start":{"line":202,"column":4},"end":{"line":221,"column":5}},"61":{"start":{"line":203,"column":27},"end":{"line":203,"column":40}},"62":{"start":{"line":205,"column":25},"end":{"line":212,"column":9}},"63":{"start":{"line":214,"column":8},"end":{"line":218,"column":11}},"64":{"start":{"line":220,"column":8},"end":{"line":220,"column":71}},"65":{"start":{"line":227,"column":0},"end":{"line":253,"column":2}},"66":{"start":{"line":228,"column":4},"end":{"line":252,"column":5}},"67":{"start":{"line":229,"column":27},"end":{"line":229,"column":40}},"68":{"start":{"line":231,"column":25},"end":{"line":238,"column":9}},"69":{"start":{"line":241,"column":8},"end":{"line":243,"column":11}},"70":{"start":{"line":245,"column":8},"end":{"line":249,"column":11}},"71":{"start":{"line":251,"column":8},"end":{"line":251,"column":71}},"72":{"start":{"line":258,"column":0},"end":{"line":270,"column":2}},"73":{"start":{"line":259,"column":4},"end":{"line":269,"column":5}},"74":{"start":{"line":260,"column":25},"end":{"line":261,"column":57}},"75":{"start":{"line":263,"column":8},"end":{"line":266,"column":11}},"76":{"start":{"line":268,"column":8},"end":{"line":268,"column":71}},"77":{"start":{"line":275,"column":0},"end":{"line":297,"column":2}},"78":{"start":{"line":276,"column":4},"end":{"line":296,"column":5}},"79":{"start":{"line":278,"column":23},"end":{"line":278,"column":36}},"80":{"start":{"line":279,"column":28},"end":{"line":279,"column":77}},"81":{"start":{"line":280,"column":8},"end":{"line":282,"column":9}},"82":{"start":{"line":281,"column":12},"end":{"line":281,"column":79}},"83":{"start":{"line":283,"column":33},"end":{"line":288,"column":38}},"84":{"start":{"line":289,"column":8},"end":{"line":289,"column":37}},"85":{"start":{"line":290,"column":8},"end":{"line":293,"column":11}},"86":{"start":{"line":295,"column":8},"end":{"line":295,"column":71}}},"fnMap":{"0":{"name":"(anonymous_0)","decl":{"start":{"line":6,"column":28},"end":{"line":6,"column":29}},"loc":{"start":{"line":6,"column":48},"end":{"line":18,"column":1}},"line":6},"1":{"name":"(anonymous_1)","decl":{"start":{"line":23,"column":36},"end":{"line":23,"column":37}},"loc":{"start":{"line":23,"column":56},"end":{"line":62,"column":1}},"line":23},"2":{"name":"(anonymous_2)","decl":{"start":{"line":68,"column":28},"end":{"line":68,"column":29}},"loc":{"start":{"line":68,"column":48},"end":{"line":113,"column":1}},"line":68},"3":{"name":"(anonymous_3)","decl":{"start":{"line":119,"column":20},"end":{"line":119,"column":21}},"loc":{"start":{"line":119,"column":40},"end":{"line":142,"column":1}},"line":119},"4":{"name":"(anonymous_4)","decl":{"start":{"line":147,"column":24},"end":{"line":147,"column":25}},"loc":{"start":{"line":147,"column":44},"end":{"line":170,"column":1}},"line":147},"5":{"name":"(anonymous_5)","decl":{"start":{"line":175,"column":25},"end":{"line":175,"column":26}},"loc":{"start":{"line":175,"column":45},"end":{"line":196,"column":1}},"line":175},"6":{"name":"(anonymous_6)","decl":{"start":{"line":201,"column":29},"end":{"line":201,"column":30}},"loc":{"start":{"line":201,"column":49},"end":{"line":222,"column":1}},"line":201},"7":{"name":"(anonymous_7)","decl":{"start":{"line":227,"column":24},"end":{"line":227,"column":25}},"loc":{"start":{"line":227,"column":44},"end":{"line":253,"column":1}},"line":227},"8":{"name":"(anonymous_8)","decl":{"start":{"line":258,"column":29},"end":{"line":258,"column":30}},"loc":{"start":{"line":258,"column":49},"end":{"line":270,"column":1}},"line":258},"9":{"name":"(anonymous_9)","decl":{"start":{"line":275,"column":30},"end":{"line":275,"column":31}},"loc":{"start":{"line":275,"column":50},"end":{"line":297,"column":1}},"line":275}},"branchMap":{"0":{"loc":{"start":{"line":27,"column":8},"end":{"line":31,"column":9}},"type":"if","locations":[{"start":{"line":27,"column":8},"end":{"line":31,"column":9}},{"start":{},"end":{}}],"line":27},"1":{"loc":{"start":{"line":27,"column":12},"end":{"line":27,"column":61}},"type":"binary-expr","locations":[{"start":{"line":27,"column":12},"end":{"line":27,"column":19}},{"start":{"line":27,"column":23},"end":{"line":27,"column":40}},{"start":{"line":27,"column":44},"end":{"line":27,"column":61}}],"line":27},"2":{"loc":{"start":{"line":36,"column":8},"end":{"line":49,"column":9}},"type":"if","locations":[{"start":{"line":36,"column":8},"end":{"line":49,"column":9}},{"start":{"line":42,"column":15},"end":{"line":49,"column":9}}],"line":36},"3":{"loc":{"start":{"line":75,"column":8},"end":{"line":80,"column":9}},"type":"if","locations":[{"start":{"line":75,"column":8},"end":{"line":80,"column":9}},{"start":{},"end":{}}],"line":75},"4":{"loc":{"start":{"line":75,"column":12},"end":{"line":75,"column":72}},"type":"binary-expr","locations":[{"start":{"line":75,"column":12},"end":{"line":75,"column":34}},{"start":{"line":75,"column":38},"end":{"line":75,"column":72}}],"line":75},"5":{"loc":{"start":{"line":87,"column":8},"end":{"line":89,"column":9}},"type":"if","locations":[{"start":{"line":87,"column":8},"end":{"line":89,"column":9}},{"start":{},"end":{}}],"line":87},"6":{"loc":{"start":{"line":280,"column":8},"end":{"line":282,"column":9}},"type":"if","locations":[{"start":{"line":280,"column":8},"end":{"line":282,"column":9}},{"start":{},"end":{}}],"line":280}},"s":{"0":1,"1":1,"2":1,"3":1,"4":1,"5":1,"6":1,"7":1,"8":0,"9":0,"10":1,"11":3,"12":3,"13":3,"14":1,"15":2,"16":2,"17":1,"18":1,"19":1,"20":1,"21":1,"22":2,"23":0,"24":0,"25":1,"26":2,"27":2,"28":2,"29":2,"30":1,"31":1,"32":1,"33":1,"34":0,"35":1,"36":1,"37":0,"38":0,"39":1,"40":2,"41":2,"42":2,"43":2,"44":0,"45":1,"46":1,"47":1,"48":1,"49":1,"50":1,"51":0,"52":1,"53":1,"54":1,"55":1,"56":1,"57":1,"58":0,"59":1,"60":1,"61":1,"62":1,"63":1,"64":0,"65":1,"66":1,"67":1,"68":1,"69":1,"70":1,"71":0,"72":1,"73":1,"74":1,"75":1,"76":0,"77":1,"78":1,"79":1,"80":1,"81":1,"82":1,"83":0,"84":0,"85":0,"86":0},"f":{"0":1,"1":3,"2":2,"3":2,"4":1,"5":1,"6":1,"7":1,"8":1,"9":1},"b":{"0":[1,2],"1":[3,3,2],"2":[1,1],"3":[1,1],"4":[2,2],"5":[0,1],"6":[1,0]},"_coverageSchema":"1a1c01bbd47fc00a2c39e90264f33305004495a9","hash":"aa7f2f61167e0c602130d14be022f85ee3274866"}
,"F:\\Ramesh\\accio-projects\\git-chef-customer\\chef-customer-server\\contollers\\dishController.js": {"path":"F:\\Ramesh\\accio-projects\\git-chef-customer\\chef-customer-server\\contollers\\dishController.js","statementMap":{"0":{"start":{"line":1,"column":16},"end":{"line":1,"column":34}},"1":{"start":{"line":2,"column":13},"end":{"line":2,"column":44}},"2":{"start":{"line":5,"column":19},"end":{"line":22,"column":1}},"3":{"start":{"line":6,"column":2},"end":{"line":21,"column":3}},"4":{"start":{"line":7,"column":25},"end":{"line":7,"column":66}},"5":{"start":{"line":8,"column":4},"end":{"line":18,"column":5}},"6":{"start":{"line":9,"column":6},"end":{"line":9,"column":133}},"7":{"start":{"line":10,"column":6},"end":{"line":10,"column":92}},"8":{"start":{"line":12,"column":22},"end":{"line":15,"column":8}},"9":{"start":{"line":16,"column":6},"end":{"line":16,"column":27}},"10":{"start":{"line":17,"column":6},"end":{"line":17,"column":82}},"11":{"start":{"line":20,"column":4},"end":{"line":20,"column":82}},"12":{"start":{"line":25,"column":20},"end":{"line":36,"column":1}},"13":{"start":{"line":26,"column":40},"end":{"line":26,"column":49}},"14":{"start":{"line":27,"column":2},"end":{"line":35,"column":3}},"15":{"start":{"line":28,"column":19},"end":{"line":30,"column":36}},"16":{"start":{"line":31,"column":18},"end":{"line":31,"column":45}},"17":{"start":{"line":32,"column":4},"end":{"line":32,"column":88}},"18":{"start":{"line":34,"column":4},"end":{"line":34,"column":103}},"19":{"start":{"line":39,"column":19},"end":{"line":50,"column":1}},"20":{"start":{"line":40,"column":17},"end":{"line":40,"column":27}},"21":{"start":{"line":41,"column":2},"end":{"line":49,"column":3}},"22":{"start":{"line":42,"column":24},"end":{"line":42,"column":56}},"23":{"start":{"line":43,"column":4},"end":{"line":45,"column":5}},"24":{"start":{"line":44,"column":6},"end":{"line":44,"column":82}},"25":{"start":{"line":46,"column":4},"end":{"line":46,"column":105}},"26":{"start":{"line":48,"column":4},"end":{"line":48,"column":102}},"27":{"start":{"line":53,"column":24},"end":{"line":64,"column":1}},"28":{"start":{"line":54,"column":2},"end":{"line":63,"column":3}},"29":{"start":{"line":55,"column":4},"end":{"line":55,"column":30}},"30":{"start":{"line":56,"column":4},"end":{"line":56,"column":100}},"31":{"start":{"line":58,"column":4},"end":{"line":58,"column":23}},"32":{"start":{"line":59,"column":4},"end":{"line":59,"column":113}},"33":{"start":{"line":62,"column":4},"end":{"line":62,"column":67}},"34":{"start":{"line":68,"column":15},"end":{"line":528,"column":1}},"35":{"start":{"line":531,"column":21},"end":{"line":544,"column":1}},"36":{"start":{"line":532,"column":2},"end":{"line":543,"column":3}},"37":{"start":{"line":533,"column":4},"end":{"line":533,"column":34}},"38":{"start":{"line":535,"column":4},"end":{"line":535,"column":98}},"39":{"start":{"line":538,"column":4},"end":{"line":538,"column":23}},"40":{"start":{"line":539,"column":4},"end":{"line":539,"column":110}},"41":{"start":{"line":542,"column":4},"end":{"line":542,"column":67}},"42":{"start":{"line":546,"column":0},"end":{"line":546,"column":88}}},"fnMap":{"0":{"name":"(anonymous_0)","decl":{"start":{"line":5,"column":19},"end":{"line":5,"column":20}},"loc":{"start":{"line":5,"column":39},"end":{"line":22,"column":1}},"line":5},"1":{"name":"(anonymous_1)","decl":{"start":{"line":25,"column":20},"end":{"line":25,"column":21}},"loc":{"start":{"line":25,"column":40},"end":{"line":36,"column":1}},"line":25},"2":{"name":"(anonymous_2)","decl":{"start":{"line":39,"column":19},"end":{"line":39,"column":20}},"loc":{"start":{"line":39,"column":39},"end":{"line":50,"column":1}},"line":39},"3":{"name":"(anonymous_3)","decl":{"start":{"line":53,"column":24},"end":{"line":53,"column":25}},"loc":{"start":{"line":53,"column":44},"end":{"line":64,"column":1}},"line":53},"4":{"name":"(anonymous_4)","decl":{"start":{"line":531,"column":21},"end":{"line":531,"column":22}},"loc":{"start":{"line":531,"column":41},"end":{"line":544,"column":1}},"line":531}},"branchMap":{"0":{"loc":{"start":{"line":8,"column":4},"end":{"line":18,"column":5}},"type":"if","locations":[{"start":{"line":8,"column":4},"end":{"line":18,"column":5}},{"start":{"line":11,"column":11},"end":{"line":18,"column":5}}],"line":8},"1":{"loc":{"start":{"line":9,"column":84},"end":{"line":9,"column":127}},"type":"cond-expr","locations":[{"start":{"line":9,"column":115},"end":{"line":9,"column":119}},{"start":{"line":9,"column":122},"end":{"line":9,"column":127}}],"line":9},"2":{"loc":{"start":{"line":14,"column":19},"end":{"line":14,"column":62}},"type":"cond-expr","locations":[{"start":{"line":14,"column":50},"end":{"line":14,"column":54}},{"start":{"line":14,"column":57},"end":{"line":14,"column":62}}],"line":14},"3":{"loc":{"start":{"line":43,"column":4},"end":{"line":45,"column":5}},"type":"if","locations":[{"start":{"line":43,"column":4},"end":{"line":45,"column":5}},{"start":{},"end":{}}],"line":43}},"s":{"0":1,"1":1,"2":1,"3":3,"4":3,"5":3,"6":0,"7":0,"8":3,"9":3,"10":1,"11":2,"12":1,"13":1,"14":1,"15":1,"16":1,"17":1,"18":0,"19":1,"20":2,"21":2,"22":2,"23":1,"24":1,"25":0,"26":1,"27":1,"28":0,"29":0,"30":0,"31":0,"32":0,"33":0,"34":1,"35":1,"36":0,"37":0,"38":0,"39":0,"40":0,"41":0,"42":1},"f":{"0":3,"1":1,"2":2,"3":0,"4":0},"b":{"0":[0,3],"1":[0,0],"2":[2,1],"3":[1,0]},"_coverageSchema":"1a1c01bbd47fc00a2c39e90264f33305004495a9","hash":"168c95261482cf40907cd881a011ec371df741b5"}
,"F:\\Ramesh\\accio-projects\\git-chef-customer\\chef-customer-server\\contollers\\orderController.js": {"path":"F:\\Ramesh\\accio-projects\\git-chef-customer\\chef-customer-server\\contollers\\orderController.js","statementMap":{},"fnMap":{},"branchMap":{},"s":{},"f":{},"b":{}}
,"F:\\Ramesh\\accio-projects\\git-chef-customer\\chef-customer-server\\contollers\\paymentController.js": {"path":"F:\\Ramesh\\accio-projects\\git-chef-customer\\chef-customer-server\\contollers\\paymentController.js","statementMap":{"0":{"start":{"line":1,"column":17},"end":{"line":1,"column":36}},"1":{"start":{"line":2,"column":15},"end":{"line":2,"column":32}},"2":{"start":{"line":3,"column":16},"end":{"line":3,"column":50}},"3":{"start":{"line":4,"column":14},"end":{"line":4,"column":46}},"4":{"start":{"line":5,"column":17},"end":{"line":5,"column":52}},"5":{"start":{"line":7,"column":17},"end":{"line":10,"column":2}},"6":{"start":{"line":13,"column":0},"end":{"line":35,"column":2}},"7":{"start":{"line":14,"column":4},"end":{"line":14,"column":34}},"8":{"start":{"line":15,"column":4},"end":{"line":34,"column":5}},"9":{"start":{"line":16,"column":27},"end":{"line":16,"column":35}},"10":{"start":{"line":18,"column":8},"end":{"line":19,"column":87}},"11":{"start":{"line":19,"column":12},"end":{"line":19,"column":87}},"12":{"start":{"line":21,"column":24},"end":{"line":25,"column":9}},"13":{"start":{"line":28,"column":22},"end":{"line":28,"column":59}},"14":{"start":{"line":29,"column":8},"end":{"line":29,"column":27}},"15":{"start":{"line":30,"column":8},"end":{"line":30,"column":43}},"16":{"start":{"line":33,"column":8},"end":{"line":33,"column":73}},"17":{"start":{"line":38,"column":0},"end":{"line":100,"column":2}},"18":{"start":{"line":39,"column":4},"end":{"line":99,"column":5}},"19":{"start":{"line":48,"column":12},"end":{"line":48,"column":20}},"20":{"start":{"line":51,"column":21},"end":{"line":51,"column":66}},"21":{"start":{"line":52,"column":25},"end":{"line":54,"column":26}},"22":{"start":{"line":56,"column":8},"end":{"line":58,"column":9}},"23":{"start":{"line":57,"column":12},"end":{"line":57,"column":95}},"24":{"start":{"line":61,"column":25},"end":{"line":69,"column":10}},"25":{"start":{"line":63,"column":38},"end":{"line":66,"column":13}},"26":{"start":{"line":72,"column":24},"end":{"line":79,"column":10}},"27":{"start":{"line":81,"column":8},"end":{"line":81,"column":41}},"28":{"start":{"line":82,"column":8},"end":{"line":82,"column":30}},"29":{"start":{"line":85,"column":25},"end":{"line":90,"column":10}},"30":{"start":{"line":92,"column":8},"end":{"line":92,"column":43}},"31":{"start":{"line":93,"column":8},"end":{"line":93,"column":30}},"32":{"start":{"line":95,"column":8},"end":{"line":95,"column":53}},"33":{"start":{"line":98,"column":8},"end":{"line":98,"column":71}}},"fnMap":{"0":{"name":"(anonymous_0)","decl":{"start":{"line":13,"column":30},"end":{"line":13,"column":31}},"loc":{"start":{"line":13,"column":50},"end":{"line":35,"column":1}},"line":13},"1":{"name":"(anonymous_1)","decl":{"start":{"line":38,"column":38},"end":{"line":38,"column":39}},"loc":{"start":{"line":38,"column":58},"end":{"line":100,"column":1}},"line":38},"2":{"name":"(anonymous_2)","decl":{"start":{"line":63,"column":29},"end":{"line":63,"column":30}},"loc":{"start":{"line":63,"column":38},"end":{"line":66,"column":13}},"line":63}},"branchMap":{"0":{"loc":{"start":{"line":18,"column":8},"end":{"line":19,"column":87}},"type":"if","locations":[{"start":{"line":18,"column":8},"end":{"line":19,"column":87}},{"start":{},"end":{}}],"line":18},"1":{"loc":{"start":{"line":56,"column":8},"end":{"line":58,"column":9}},"type":"if","locations":[{"start":{"line":56,"column":8},"end":{"line":58,"column":9}},{"start":{},"end":{}}],"line":56},"2":{"loc":{"start":{"line":89,"column":22},"end":{"line":89,"column":60}},"type":"binary-expr","locations":[{"start":{"line":89,"column":22},"end":{"line":89,"column":38}},{"start":{"line":89,"column":42},"end":{"line":89,"column":60}}],"line":89}},"s":{"0":1,"1":1,"2":1,"3":1,"4":1,"5":1,"6":1,"7":2,"8":2,"9":2,"10":2,"11":1,"12":1,"13":1,"14":0,"15":0,"16":1,"17":1,"18":4,"19":4,"20":4,"21":4,"22":0,"23":0,"24":0,"25":0,"26":0,"27":0,"28":0,"29":0,"30":0,"31":0,"32":0,"33":4},"f":{"0":2,"1":4,"2":0},"b":{"0":[1,1],"1":[0,0],"2":[0,0]},"_coverageSchema":"1a1c01bbd47fc00a2c39e90264f33305004495a9","hash":"85f0faba2a8453967565fbd43d5a3f8b616351d1"}
,"F:\\Ramesh\\accio-projects\\git-chef-customer\\chef-customer-server\\contollers\\userControllers.js": {"path":"F:\\Ramesh\\accio-projects\\git-chef-customer\\chef-customer-server\\contollers\\userControllers.js","statementMap":{"0":{"start":{"line":1,"column":13},"end":{"line":1,"column":44}},"1":{"start":{"line":2,"column":15},"end":{"line":2,"column":32}},"2":{"start":{"line":3,"column":27},"end":{"line":3,"column":63}},"3":{"start":{"line":5,"column":17},"end":{"line":34,"column":1}},"4":{"start":{"line":6,"column":4},"end":{"line":33,"column":5}},"5":{"start":{"line":7,"column":61},"end":{"line":7,"column":69}},"6":{"start":{"line":8,"column":8},"end":{"line":10,"column":9}},"7":{"start":{"line":9,"column":12},"end":{"line":9,"column":95}},"8":{"start":{"line":12,"column":26},"end":{"line":12,"column":55}},"9":{"start":{"line":13,"column":8},"end":{"line":15,"column":9}},"10":{"start":{"line":14,"column":12},"end":{"line":14,"column":93}},"11":{"start":{"line":16,"column":29},"end":{"line":16,"column":64}},"12":{"start":{"line":17,"column":21},"end":{"line":23,"column":10}},"13":{"start":{"line":25,"column":26},"end":{"line":25,"column":43}},"14":{"start":{"line":26,"column":8},"end":{"line":30,"column":11}},"15":{"start":{"line":32,"column":8},"end":{"line":32,"column":92}},"16":{"start":{"line":36,"column":14},"end":{"line":79,"column":1}},"17":{"start":{"line":37,"column":4},"end":{"line":78,"column":5}},"18":{"start":{"line":38,"column":42},"end":{"line":38,"column":50}},"19":{"start":{"line":39,"column":26},"end":{"line":39,"column":55}},"20":{"start":{"line":40,"column":8},"end":{"line":42,"column":9}},"21":{"start":{"line":41,"column":12},"end":{"line":41,"column":87}},"22":{"start":{"line":44,"column":33},"end":{"line":44,"column":83}},"23":{"start":{"line":46,"column":8},"end":{"line":74,"column":9}},"24":{"start":{"line":47,"column":12},"end":{"line":71,"column":13}},"25":{"start":{"line":48,"column":30},"end":{"line":54,"column":18}},"26":{"start":{"line":55,"column":16},"end":{"line":60,"column":18}},"27":{"start":{"line":63,"column":16},"end":{"line":68,"column":18}},"28":{"start":{"line":70,"column":16},"end":{"line":70,"column":102}},"29":{"start":{"line":73,"column":12},"end":{"line":73,"column":90}},"30":{"start":{"line":77,"column":8},"end":{"line":77,"column":92}},"31":{"start":{"line":81,"column":14},"end":{"line":87,"column":1}},"32":{"start":{"line":82,"column":4},"end":{"line":86,"column":5}},"33":{"start":{"line":83,"column":8},"end":{"line":83,"column":76}},"34":{"start":{"line":85,"column":8},"end":{"line":85,"column":92}},"35":{"start":{"line":89,"column":0},"end":{"line":89,"column":43}}},"fnMap":{"0":{"name":"(anonymous_0)","decl":{"start":{"line":5,"column":17},"end":{"line":5,"column":18}},"loc":{"start":{"line":5,"column":36},"end":{"line":34,"column":1}},"line":5},"1":{"name":"(anonymous_1)","decl":{"start":{"line":36,"column":14},"end":{"line":36,"column":15}},"loc":{"start":{"line":36,"column":33},"end":{"line":79,"column":1}},"line":36},"2":{"name":"(anonymous_2)","decl":{"start":{"line":81,"column":14},"end":{"line":81,"column":15}},"loc":{"start":{"line":81,"column":28},"end":{"line":87,"column":1}},"line":81}},"branchMap":{"0":{"loc":{"start":{"line":8,"column":8},"end":{"line":10,"column":9}},"type":"if","locations":[{"start":{"line":8,"column":8},"end":{"line":10,"column":9}},{"start":{},"end":{}}],"line":8},"1":{"loc":{"start":{"line":8,"column":12},"end":{"line":8,"column":65}},"type":"binary-expr","locations":[{"start":{"line":8,"column":12},"end":{"line":8,"column":21}},{"start":{"line":8,"column":25},"end":{"line":8,"column":31}},{"start":{"line":8,"column":35},"end":{"line":8,"column":44}},{"start":{"line":8,"column":48},"end":{"line":8,"column":53}},{"start":{"line":8,"column":57},"end":{"line":8,"column":65}}],"line":8},"2":{"loc":{"start":{"line":13,"column":8},"end":{"line":15,"column":9}},"type":"if","locations":[{"start":{"line":13,"column":8},"end":{"line":15,"column":9}},{"start":{},"end":{}}],"line":13},"3":{"loc":{"start":{"line":40,"column":8},"end":{"line":42,"column":9}},"type":"if","locations":[{"start":{"line":40,"column":8},"end":{"line":42,"column":9}},{"start":{},"end":{}}],"line":40},"4":{"loc":{"start":{"line":46,"column":8},"end":{"line":74,"column":9}},"type":"if","locations":[{"start":{"line":46,"column":8},"end":{"line":74,"column":9}},{"start":{"line":72,"column":15},"end":{"line":74,"column":9}}],"line":46},"5":{"loc":{"start":{"line":47,"column":12},"end":{"line":71,"column":13}},"type":"if","locations":[{"start":{"line":47,"column":12},"end":{"line":71,"column":13}},{"start":{"line":69,"column":19},"end":{"line":71,"column":13}}],"line":47}},"s":{"0":1,"1":1,"2":1,"3":1,"4":8,"5":8,"6":8,"7":1,"8":7,"9":7,"10":1,"11":6,"12":6,"13":6,"14":6,"15":0,"16":1,"17":6,"18":6,"19":6,"20":6,"21":1,"22":5,"23":5,"24":4,"25":3,"26":3,"27":3,"28":1,"29":1,"30":0,"31":1,"32":1,"33":1,"34":0,"35":1},"f":{"0":8,"1":6,"2":1},"b":{"0":[1,7],"1":[8,7,7,7,7],"2":[1,6],"3":[1,5],"4":[4,1],"5":[3,1]},"_coverageSchema":"1a1c01bbd47fc00a2c39e90264f33305004495a9","hash":"6e5ae29682682dae0b47cd77c17bf6d3910c2065"}
,"F:\\Ramesh\\accio-projects\\git-chef-customer\\chef-customer-server\\models\\Dish-Schema.js": {"path":"F:\\Ramesh\\accio-projects\\git-chef-customer\\chef-customer-server\\models\\Dish-Schema.js","statementMap":{"0":{"start":{"line":1,"column":17},"end":{"line":1,"column":36}},"1":{"start":{"line":2,"column":15},"end":{"line":2,"column":30}},"2":{"start":{"line":5,"column":20},"end":{"line":22,"column":2}},"3":{"start":{"line":24,"column":19},"end":{"line":24,"column":56}},"4":{"start":{"line":26,"column":0},"end":{"line":26,"column":30}}},"fnMap":{},"branchMap":{},"s":{"0":1,"1":1,"2":1,"3":1,"4":1},"f":{},"b":{},"_coverageSchema":"1a1c01bbd47fc00a2c39e90264f33305004495a9","hash":"362a1275f9f8a55832f7d4eb6aece8d92bc84cc6"}
,"F:\\Ramesh\\accio-projects\\git-chef-customer\\chef-customer-server\\models\\deliveryPersonAvailableSchema.js": {"path":"F:\\Ramesh\\accio-projects\\git-chef-customer\\chef-customer-server\\models\\deliveryPersonAvailableSchema.js","statementMap":{"0":{"start":{"line":2,"column":17},"end":{"line":2,"column":36}},"1":{"start":{"line":4,"column":38},"end":{"line":27,"column":1}},"2":{"start":{"line":29,"column":0},"end":{"line":32,"column":2}}},"fnMap":{},"branchMap":{},"s":{"0":1,"1":1,"2":1},"f":{},"b":{},"_coverageSchema":"1a1c01bbd47fc00a2c39e90264f33305004495a9","hash":"55c5ed5161a605aa788403852888013ec083d3fd"}
,"F:\\Ramesh\\accio-projects\\git-chef-customer\\chef-customer-server\\models\\deliverySchema.js": {"path":"F:\\Ramesh\\accio-projects\\git-chef-customer\\chef-customer-server\\models\\deliverySchema.js","statementMap":{"0":{"start":{"line":1,"column":17},"end":{"line":1,"column":36}},"1":{"start":{"line":3,"column":23},"end":{"line":39,"column":24}},"2":{"start":{"line":41,"column":0},"end":{"line":41,"column":60}}},"fnMap":{},"branchMap":{},"s":{"0":2,"1":2,"2":2},"f":{},"b":{},"_coverageSchema":"1a1c01bbd47fc00a2c39e90264f33305004495a9","hash":"3799d01d4116c889d85bd20633a30685b2546961"}
,"F:\\Ramesh\\accio-projects\\git-chef-customer\\chef-customer-server\\models\\dishSchema.js": {"path":"F:\\Ramesh\\accio-projects\\git-chef-customer\\chef-customer-server\\models\\dishSchema.js","statementMap":{"0":{"start":{"line":1,"column":17},"end":{"line":1,"column":36}},"1":{"start":{"line":2,"column":15},"end":{"line":2,"column":30}},"2":{"start":{"line":4,"column":19},"end":{"line":16,"column":24}},"3":{"start":{"line":18,"column":13},"end":{"line":18,"column":47}},"4":{"start":{"line":19,"column":0},"end":{"line":19,"column":22}}},"fnMap":{},"branchMap":{},"s":{"0":2,"1":2,"2":2,"3":2,"4":2},"f":{},"b":{},"_coverageSchema":"1a1c01bbd47fc00a2c39e90264f33305004495a9","hash":"11fdfb272cf41522873107a22e43be08232d25a6"}
,"F:\\Ramesh\\accio-projects\\git-chef-customer\\chef-customer-server\\models\\orderSchema.js": {"path":"F:\\Ramesh\\accio-projects\\git-chef-customer\\chef-customer-server\\models\\orderSchema.js","statementMap":{"0":{"start":{"line":1,"column":17},"end":{"line":1,"column":36}},"1":{"start":{"line":3,"column":20},"end":{"line":45,"column":24}},"2":{"start":{"line":47,"column":0},"end":{"line":47,"column":54}}},"fnMap":{},"branchMap":{},"s":{"0":3,"1":3,"2":3},"f":{},"b":{},"_coverageSchema":"1a1c01bbd47fc00a2c39e90264f33305004495a9","hash":"b63b5f232c63e606b1a35fd178f39a7e1d54f945"}
,"F:\\Ramesh\\accio-projects\\git-chef-customer\\chef-customer-server\\models\\paymentSchema.js": {"path":"F:\\Ramesh\\accio-projects\\git-chef-customer\\chef-customer-server\\models\\paymentSchema.js","statementMap":{"0":{"start":{"line":1,"column":17},"end":{"line":1,"column":36}},"1":{"start":{"line":3,"column":22},"end":{"line":18,"column":24}},"2":{"start":{"line":20,"column":0},"end":{"line":20,"column":58}}},"fnMap":{},"branchMap":{},"s":{"0":1,"1":1,"2":1},"f":{},"b":{},"_coverageSchema":"1a1c01bbd47fc00a2c39e90264f33305004495a9","hash":"b39741cb3e7397156b2e8c529d5cac772c822ae4"}
,"F:\\Ramesh\\accio-projects\\git-chef-customer\\chef-customer-server\\models\\userSchema.js": {"path":"F:\\Ramesh\\accio-projects\\git-chef-customer\\chef-customer-server\\models\\userSchema.js","statementMap":{"0":{"start":{"line":1,"column":17},"end":{"line":1,"column":36}},"1":{"start":{"line":3,"column":19},"end":{"line":30,"column":24}},"2":{"start":{"line":33,"column":13},"end":{"line":33,"column":47}},"3":{"start":{"line":35,"column":0},"end":{"line":35,"column":22}}},"fnMap":{},"branchMap":{},"s":{"0":4,"1":4,"2":4,"3":4},"f":{},"b":{},"_coverageSchema":"1a1c01bbd47fc00a2c39e90264f33305004495a9","hash":"bbc0765a2dc4bb099b30591fc701cf4a0e26dd42"}
,"F:\\Ramesh\\accio-projects\\git-chef-customer\\chef-customer-server\\routers\\router.js": {"path":"F:\\Ramesh\\accio-projects\\git-chef-customer\\chef-customer-server\\routers\\router.js","statementMap":{"0":{"start":{"line":1,"column":16},"end":{"line":1,"column":34}},"1":{"start":{"line":2,"column":15},"end":{"line":2,"column":31}},"2":{"start":{"line":3,"column":35},"end":{"line":3,"column":75}},"3":{"start":{"line":4,"column":79},"end":{"line":4,"column":118}},"4":{"start":{"line":5,"column":74},"end":{"line":5,"column":117}},"5":{"start":{"line":6,"column":209},"end":{"line":6,"column":249}},"6":{"start":{"line":8,"column":78},"end":{"line":8,"column":119}},"7":{"start":{"line":12,"column":4},"end":{"line":12,"column":46}},"8":{"start":{"line":13,"column":21},"end":{"line":13,"column":64}},"9":{"start":{"line":17,"column":0},"end":{"line":17,"column":35}},"10":{"start":{"line":18,"column":0},"end":{"line":18,"column":29}},"11":{"start":{"line":19,"column":0},"end":{"line":19,"column":28}},"12":{"start":{"line":24,"column":0},"end":{"line":24,"column":37}},"13":{"start":{"line":28,"column":0},"end":{"line":28,"column":35}},"14":{"start":{"line":29,"column":0},"end":{"line":29,"column":46}},"15":{"start":{"line":34,"column":0},"end":{"line":34,"column":50}},"16":{"start":{"line":35,"column":0},"end":{"line":35,"column":37}},"17":{"start":{"line":36,"column":0},"end":{"line":36,"column":49}},"18":{"start":{"line":41,"column":0},"end":{"line":41,"column":46}},"19":{"start":{"line":42,"column":0},"end":{"line":42,"column":49}},"20":{"start":{"line":43,"column":0},"end":{"line":43,"column":45}},"21":{"start":{"line":44,"column":0},"end":{"line":44,"column":51}},"22":{"start":{"line":45,"column":0},"end":{"line":45,"column":55}},"23":{"start":{"line":46,"column":0},"end":{"line":46,"column":53}},"24":{"start":{"line":47,"column":0},"end":{"line":47,"column":50}},"25":{"start":{"line":48,"column":0},"end":{"line":48,"column":53}},"26":{"start":{"line":49,"column":0},"end":{"line":49,"column":54}},"27":{"start":{"line":50,"column":0},"end":{"line":50,"column":51}},"28":{"start":{"line":51,"column":0},"end":{"line":51,"column":37}},"29":{"start":{"line":52,"column":0},"end":{"line":52,"column":45}},"30":{"start":{"line":56,"column":0},"end":{"line":56,"column":52}},"31":{"start":{"line":57,"column":0},"end":{"line":57,"column":60}},"32":{"start":{"line":60,"column":0},"end":{"line":60,"column":33}},"33":{"start":{"line":61,"column":0},"end":{"line":61,"column":40}},"34":{"start":{"line":62,"column":0},"end":{"line":62,"column":41}},"35":{"start":{"line":63,"column":0},"end":{"line":63,"column":63}},"36":{"start":{"line":67,"column":0},"end":{"line":67,"column":77}},"37":{"start":{"line":69,"column":0},"end":{"line":69,"column":64}},"38":{"start":{"line":72,"column":0},"end":{"line":72,"column":57}},"39":{"start":{"line":75,"column":0},"end":{"line":75,"column":62}},"40":{"start":{"line":78,"column":0},"end":{"line":78,"column":66}},"41":{"start":{"line":81,"column":0},"end":{"line":81,"column":69}},"42":{"start":{"line":84,"column":0},"end":{"line":84,"column":66}},"43":{"start":{"line":87,"column":0},"end":{"line":87,"column":61}},"44":{"start":{"line":90,"column":0},"end":{"line":90,"column":73}},"45":{"start":{"line":93,"column":0},"end":{"line":93,"column":68}},"46":{"start":{"line":96,"column":0},"end":{"line":96,"column":23}}},"fnMap":{},"branchMap":{},"s":{"0":0,"1":0,"2":0,"3":0,"4":0,"5":0,"6":0,"7":0,"8":0,"9":0,"10":0,"11":0,"12":0,"13":0,"14":0,"15":0,"16":0,"17":0,"18":0,"19":0,"20":0,"21":0,"22":0,"23":0,"24":0,"25":0,"26":0,"27":0,"28":0,"29":0,"30":0,"31":0,"32":0,"33":0,"34":0,"35":0,"36":0,"37":0,"38":0,"39":0,"40":0,"41":0,"42":0,"43":0,"44":0,"45":0,"46":0},"f":{},"b":{}}
,"F:\\Ramesh\\accio-projects\\git-chef-customer\\chef-customer-server\\utility\\createJwtToken.js": {"path":"F:\\Ramesh\\accio-projects\\git-chef-customer\\chef-customer-server\\utility\\createJwtToken.js","statementMap":{"0":{"start":{"line":1,"column":12},"end":{"line":1,"column":35}},"1":{"start":{"line":3,"column":23},"end":{"line":5,"column":1}},"2":{"start":{"line":4,"column":4},"end":{"line":4,"column":74}},"3":{"start":{"line":7,"column":0},"end":{"line":7,"column":33}},"4":{"start":{"line":9,"column":26},"end":{"line":19,"column":1}},"5":{"start":{"line":10,"column":24},"end":{"line":10,"column":52}},"6":{"start":{"line":11,"column":18},"end":{"line":11,"column":58}},"7":{"start":{"line":12,"column":4},"end":{"line":12,"column":50}},"8":{"start":{"line":12,"column":23},"end":{"line":12,"column":50}},"9":{"start":{"line":14,"column":4},"end":{"line":18,"column":7}},"10":{"start":{"line":15,"column":8},"end":{"line":15,"column":44}},"11":{"start":{"line":15,"column":17},"end":{"line":15,"column":44}},"12":{"start":{"line":16,"column":8},"end":{"line":16,"column":24}},"13":{"start":{"line":17,"column":8},"end":{"line":17,"column":15}},"14":{"start":{"line":21,"column":0},"end":{"line":21,"column":55}}},"fnMap":{"0":{"name":"(anonymous_0)","decl":{"start":{"line":3,"column":23},"end":{"line":3,"column":24}},"loc":{"start":{"line":3,"column":39},"end":{"line":5,"column":1}},"line":3},"1":{"name":"(anonymous_1)","decl":{"start":{"line":9,"column":26},"end":{"line":9,"column":27}},"loc":{"start":{"line":9,"column":46},"end":{"line":19,"column":1}},"line":9},"2":{"name":"(anonymous_2)","decl":{"start":{"line":14,"column":43},"end":{"line":14,"column":44}},"loc":{"start":{"line":14,"column":58},"end":{"line":18,"column":5}},"line":14}},"branchMap":{"0":{"loc":{"start":{"line":11,"column":18},"end":{"line":11,"column":58}},"type":"binary-expr","locations":[{"start":{"line":11,"column":18},"end":{"line":11,"column":29}},{"start":{"line":11,"column":33},"end":{"line":11,"column":58}}],"line":11},"1":{"loc":{"start":{"line":12,"column":4},"end":{"line":12,"column":50}},"type":"if","locations":[{"start":{"line":12,"column":4},"end":{"line":12,"column":50}},{"start":{},"end":{}}],"line":12},"2":{"loc":{"start":{"line":15,"column":8},"end":{"line":15,"column":44}},"type":"if","locations":[{"start":{"line":15,"column":8},"end":{"line":15,"column":44}},{"start":{},"end":{}}],"line":15}},"s":{"0":2,"1":2,"2":4,"3":2,"4":2,"5":3,"6":3,"7":3,"8":1,"9":2,"10":2,"11":1,"12":1,"13":1,"14":2},"f":{"0":4,"1":3,"2":2},"b":{"0":[3,2],"1":[1,2],"2":[1,1]},"_coverageSchema":"1a1c01bbd47fc00a2c39e90264f33305004495a9","hash":"de0240df59f20959e77fef18da815a7808b62a7a"}
}
