TN:
SF:contollers\Dish-Controller.js
FN:5,(anonymous_0)
FN:36,(anonymous_1)
FN:52,(anonymous_2)
FN:62,(anonymous_3)
FN:75,(anonymous_4)
FN:85,(anonymous_5)
FN:95,(anonymous_6)
FN:105,(anonymous_7)
FN:115,(anonymous_8)
FN:146,(anonymous_9)
FN:160,(anonymous_10)
FN:173,(anonymous_11)
FNF:12
FNH:0
FNDA:0,(anonymous_0)
FNDA:0,(anonymous_1)
FNDA:0,(anonymous_2)
FNDA:0,(anonymous_3)
FNDA:0,(anonymous_4)
FNDA:0,(anonymous_5)
FNDA:0,(anonymous_6)
FNDA:0,(anonymous_7)
FNDA:0,(anonymous_8)
FNDA:0,(anonymous_9)
FNDA:0,(anonymous_10)
FNDA:0,(anonymous_11)
DA:1,0
DA:2,0
DA:5,0
DA:6,0
DA:7,0
DA:26,0
DA:28,0
DA:31,0
DA:36,0
DA:37,0
DA:38,0
DA:40,0
DA:42,0
DA:46,0
DA:52,0
DA:53,0
DA:54,0
DA:55,0
DA:57,0
DA:62,0
DA:63,0
DA:64,0
DA:65,0
DA:68,0
DA:70,0
DA:75,0
DA:76,0
DA:77,0
DA:78,0
DA:80,0
DA:85,0
DA:86,0
DA:87,0
DA:88,0
DA:90,0
DA:95,0
DA:96,0
DA:97,0
DA:98,0
DA:100,0
DA:105,0
DA:106,0
DA:107,0
DA:108,0
DA:110,0
DA:115,0
DA:116,0
DA:117,0
DA:118,0
DA:120,0
DA:146,0
DA:147,0
DA:148,0
DA:151,0
DA:153,0
DA:160,0
DA:161,0
DA:164,0
DA:167,0
DA:169,0
DA:173,0
DA:174,0
DA:175,0
DA:178,0
DA:180,0
DA:207,0
LF:66
LH:0
BRF:0
BRH:0
end_of_record
TN:
SF:contollers\OrdersController.js
FN:3,(anonymous_0)
FN:30,(anonymous_1)
FN:121,(anonymous_2)
FN:277,(anonymous_3)
FNF:4
FNH:2
FNDA:4,(anonymous_0)
FNDA:4,(anonymous_1)
FNDA:0,(anonymous_2)
FNDA:0,(anonymous_3)
DA:1,1
DA:3,1
DA:4,4
DA:6,4
DA:20,4
DA:22,4
DA:24,0
DA:25,0
DA:30,1
DA:31,4
DA:32,4
DA:33,4
DA:40,3
DA:50,3
DA:52,1
DA:121,1
DA:122,0
DA:124,0
DA:125,0
DA:127,0
DA:129,0
DA:252,0
DA:254,0
DA:255,0
DA:257,0
DA:269,0
DA:277,1
DA:278,0
DA:279,0
DA:280,0
DA:281,0
DA:288,0
DA:289,0
DA:292,0
DA:297,0
DA:298,0
DA:303,1
LF:37
LH:16
BRDA:124,0,0,0
BRDA:124,0,1,0
BRDA:125,1,0,0
BRDA:125,1,1,0
BRDA:255,2,0,0
BRDA:255,2,1,0
BRDA:288,3,0,0
BRDA:288,3,1,0
BRF:8
BRH:0
end_of_record
TN:
SF:contollers\customerController.js
FN:5,(anonymous_0)
FN:26,(anonymous_1)
FN:61,(anonymous_2)
FN:73,(anonymous_3)
FNF:4
FNH:2
FNDA:1,(anonymous_0)
FNDA:0,(anonymous_1)
FNDA:1,(anonymous_2)
FNDA:0,(anonymous_3)
DA:1,1
DA:2,1
DA:5,1
DA:6,1
DA:7,1
DA:20,1
DA:22,0
DA:26,1
DA:27,0
DA:28,0
DA:54,0
DA:56,0
DA:57,0
DA:61,1
DA:62,1
DA:63,1
DA:73,1
DA:74,1
DA:76,0
DA:81,1
LF:20
LH:13
BRF:0
BRH:0
end_of_record
TN:
SF:contollers\deliveryBoyController.js
FN:3,(anonymous_0)
FN:32,(anonymous_1)
FN:55,(anonymous_2)
FNF:3
FNH:0
FNDA:0,(anonymous_0)
FNDA:0,(anonymous_1)
FNDA:0,(anonymous_2)
DA:1,0
DA:3,0
DA:4,0
DA:5,0
DA:7,0
DA:8,0
DA:10,0
DA:11,0
DA:14,0
DA:15,0
DA:19,0
DA:21,0
DA:27,0
DA:32,0
DA:33,0
DA:34,0
DA:36,0
DA:47,0
DA:49,0
DA:55,0
DA:56,0
DA:57,0
DA:59,0
DA:65,0
DA:72,0
LF:25
LH:0
BRDA:8,0,0,0
BRDA:8,0,1,0
BRDA:10,1,0,0
BRDA:10,1,1,0
BRF:4
BRH:0
end_of_record
TN:
SF:contollers\deliveryController.js
FN:6,(anonymous_0)
FN:23,(anonymous_1)
FN:68,(anonymous_2)
FN:119,(anonymous_3)
FN:147,(anonymous_4)
FN:175,(anonymous_5)
FN:201,(anonymous_6)
FN:227,(anonymous_7)
FN:258,(anonymous_8)
FN:275,(anonymous_9)
FNF:10
FNH:10
FNDA:1,(anonymous_0)
FNDA:3,(anonymous_1)
FNDA:2,(anonymous_2)
FNDA:2,(anonymous_3)
FNDA:1,(anonymous_4)
FNDA:1,(anonymous_5)
FNDA:1,(anonymous_6)
FNDA:1,(anonymous_7)
FNDA:1,(anonymous_8)
FNDA:1,(anonymous_9)
DA:1,1
DA:2,1
DA:3,1
DA:6,1
DA:7,1
DA:8,1
DA:11,1
DA:13,1
DA:15,0
DA:16,0
DA:23,1
DA:24,3
DA:25,3
DA:27,3
DA:28,1
DA:34,2
DA:36,2
DA:38,1
DA:39,1
DA:40,1
DA:41,1
DA:44,1
DA:51,2
DA:57,0
DA:58,0
DA:68,1
DA:69,2
DA:70,2
DA:73,2
DA:75,2
DA:76,1
DA:83,1
DA:86,1
DA:87,1
DA:88,0
DA:92,1
DA:104,1
DA:110,0
DA:111,0
DA:119,1
DA:120,2
DA:121,2
DA:124,2
DA:134,2
DA:140,0
DA:147,1
DA:148,1
DA:149,1
DA:150,1
DA:152,1
DA:162,1
DA:168,0
DA:175,1
DA:176,1
DA:177,1
DA:178,1
DA:180,1
DA:188,1
DA:194,0
DA:201,1
DA:202,1
DA:203,1
DA:205,1
DA:214,1
DA:220,0
DA:227,1
DA:228,1
DA:229,1
DA:231,1
DA:241,1
DA:245,1
DA:251,0
DA:258,1
DA:259,1
DA:260,1
DA:263,1
DA:268,0
DA:275,1
DA:276,1
DA:278,1
DA:279,1
DA:280,1
DA:281,1
DA:283,0
DA:289,0
DA:290,0
DA:295,0
LF:87
LH:70
BRDA:27,0,0,1
BRDA:27,0,1,2
BRDA:27,1,0,3
BRDA:27,1,1,3
BRDA:27,1,2,2
BRDA:36,2,0,1
BRDA:36,2,1,1
BRDA:75,3,0,1
BRDA:75,3,1,1
BRDA:75,4,0,2
BRDA:75,4,1,2
BRDA:87,5,0,0
BRDA:87,5,1,1
BRDA:280,6,0,1
BRDA:280,6,1,0
BRF:15
BRH:13
end_of_record
TN:
SF:contollers\dishController.js
FN:5,(anonymous_0)
FN:25,(anonymous_1)
FN:39,(anonymous_2)
FN:53,(anonymous_3)
FN:531,(anonymous_4)
FNF:5
FNH:3
FNDA:3,(anonymous_0)
FNDA:1,(anonymous_1)
FNDA:2,(anonymous_2)
FNDA:0,(anonymous_3)
FNDA:0,(anonymous_4)
DA:1,1
DA:2,1
DA:5,1
DA:6,3
DA:7,3
DA:8,3
DA:9,0
DA:10,0
DA:12,3
DA:16,3
DA:17,1
DA:20,2
DA:25,1
DA:26,1
DA:27,1
DA:28,1
DA:31,1
DA:32,1
DA:34,0
DA:39,1
DA:40,2
DA:41,2
DA:42,2
DA:43,1
DA:44,1
DA:46,0
DA:48,1
DA:53,1
DA:54,0
DA:55,0
DA:56,0
DA:58,0
DA:59,0
DA:62,0
DA:68,1
DA:531,1
DA:532,0
DA:533,0
DA:535,0
DA:538,0
DA:539,0
DA:542,0
DA:546,1
LF:43
LH:27
BRDA:8,0,0,0
BRDA:8,0,1,3
BRDA:9,1,0,0
BRDA:9,1,1,0
BRDA:14,2,0,2
BRDA:14,2,1,1
BRDA:43,3,0,1
BRDA:43,3,1,0
BRF:8
BRH:4
end_of_record
TN:
SF:contollers\orderController.js
FNF:0
FNH:0
LF:0
LH:0
BRF:0
BRH:0
end_of_record
TN:
SF:contollers\paymentController.js
FN:13,(anonymous_0)
FN:38,(anonymous_1)
FN:63,(anonymous_2)
FNF:3
FNH:2
FNDA:2,(anonymous_0)
FNDA:4,(anonymous_1)
FNDA:0,(anonymous_2)
DA:1,1
DA:2,1
DA:3,1
DA:4,1
DA:5,1
DA:7,1
DA:13,1
DA:14,2
DA:15,2
DA:16,2
DA:18,2
DA:19,1
DA:21,1
DA:28,1
DA:29,0
DA:30,0
DA:33,1
DA:38,1
DA:39,4
DA:48,4
DA:51,4
DA:52,4
DA:56,0
DA:57,0
DA:61,0
DA:63,0
DA:72,0
DA:81,0
DA:82,0
DA:85,0
DA:92,0
DA:93,0
DA:95,0
DA:98,4
LF:34
LH:21
BRDA:18,0,0,1
BRDA:18,0,1,1
BRDA:56,1,0,0
BRDA:56,1,1,0
BRDA:89,2,0,0
BRDA:89,2,1,0
BRF:6
BRH:2
end_of_record
TN:
SF:contollers\userControllers.js
FN:5,(anonymous_0)
FN:36,(anonymous_1)
FN:81,(anonymous_2)
FNF:3
FNH:3
FNDA:8,(anonymous_0)
FNDA:6,(anonymous_1)
FNDA:1,(anonymous_2)
DA:1,1
DA:2,1
DA:3,1
DA:5,1
DA:6,8
DA:7,8
DA:8,8
DA:9,1
DA:12,7
DA:13,7
DA:14,1
DA:16,6
DA:17,6
DA:25,6
DA:26,6
DA:32,0
DA:36,1
DA:37,6
DA:38,6
DA:39,6
DA:40,6
DA:41,1
DA:44,5
DA:46,5
DA:47,4
DA:48,3
DA:55,3
DA:63,3
DA:70,1
DA:73,1
DA:77,0
DA:81,1
DA:82,1
DA:83,1
DA:85,0
DA:89,1
LF:36
LH:33
BRDA:8,0,0,1
BRDA:8,0,1,7
BRDA:8,1,0,8
BRDA:8,1,1,7
BRDA:8,1,2,7
BRDA:8,1,3,7
BRDA:8,1,4,7
BRDA:13,2,0,1
BRDA:13,2,1,6
BRDA:40,3,0,1
BRDA:40,3,1,5
BRDA:46,4,0,4
BRDA:46,4,1,1
BRDA:47,5,0,3
BRDA:47,5,1,1
BRF:15
BRH:15
end_of_record
TN:
SF:models\Dish-Schema.js
FNF:0
FNH:0
DA:1,1
DA:2,1
DA:5,1
DA:24,1
DA:26,1
LF:5
LH:5
BRF:0
BRH:0
end_of_record
TN:
SF:models\deliveryPersonAvailableSchema.js
FNF:0
FNH:0
DA:2,1
DA:4,1
DA:29,1
LF:3
LH:3
BRF:0
BRH:0
end_of_record
TN:
SF:models\deliverySchema.js
FNF:0
FNH:0
DA:1,2
DA:3,2
DA:41,2
LF:3
LH:3
BRF:0
BRH:0
end_of_record
TN:
SF:models\dishSchema.js
FNF:0
FNH:0
DA:1,2
DA:2,2
DA:4,2
DA:18,2
DA:19,2
LF:5
LH:5
BRF:0
BRH:0
end_of_record
TN:
SF:models\orderSchema.js
FNF:0
FNH:0
DA:1,3
DA:3,3
DA:47,3
LF:3
LH:3
BRF:0
BRH:0
end_of_record
TN:
SF:models\paymentSchema.js
FNF:0
FNH:0
DA:1,1
DA:3,1
DA:20,1
LF:3
LH:3
BRF:0
BRH:0
end_of_record
TN:
SF:models\userSchema.js
FNF:0
FNH:0
DA:1,4
DA:3,4
DA:33,4
DA:35,4
LF:4
LH:4
BRF:0
BRH:0
end_of_record
TN:
SF:routers\router.js
FNF:0
FNH:0
DA:1,0
DA:2,0
DA:3,0
DA:4,0
DA:5,0
DA:6,0
DA:8,0
DA:12,0
DA:13,0
DA:17,0
DA:18,0
DA:19,0
DA:24,0
DA:28,0
DA:29,0
DA:34,0
DA:35,0
DA:36,0
DA:41,0
DA:42,0
DA:43,0
DA:44,0
DA:45,0
DA:46,0
DA:47,0
DA:48,0
DA:49,0
DA:50,0
DA:51,0
DA:52,0
DA:56,0
DA:57,0
DA:60,0
DA:61,0
DA:62,0
DA:63,0
DA:67,0
DA:69,0
DA:72,0
DA:75,0
DA:78,0
DA:81,0
DA:84,0
DA:87,0
DA:90,0
DA:93,0
DA:96,0
LF:47
LH:0
BRF:0
BRH:0
end_of_record
TN:
SF:utility\createJwtToken.js
FN:3,(anonymous_0)
FN:9,(anonymous_1)
FN:14,(anonymous_2)
FNF:3
FNH:3
FNDA:4,(anonymous_0)
FNDA:3,(anonymous_1)
FNDA:2,(anonymous_2)
DA:1,2
DA:3,2
DA:4,4
DA:7,2
DA:9,2
DA:10,3
DA:11,3
DA:12,3
DA:14,2
DA:15,2
DA:16,1
DA:17,1
DA:21,2
LF:13
LH:13
BRDA:11,0,0,3
BRDA:11,0,1,2
BRDA:12,1,0,1
BRDA:12,1,1,2
BRDA:15,2,0,1
BRDA:15,2,1,1
BRF:6
BRH:6
end_of_record
